<?xml version="1.0" encoding="UTF-8"?>
<testsuite name="week1.ValidIdentifierKtTest" tests="1" skipped="0" failures="0" errors="0" timestamp="2022-01-26T12:17:13" hostname="KRK-C02Z61Z9LVCJ" time="0.016">
  <properties/>
  <testcase name="isValidIdentifier()" classname="week1.ValidIdentifierKtTest" time="0.016"/>
  <system-out><![CDATA[0.0002739726027397260
90
]]></system-out>
  <system-err><![CDATA[]]></system-err>
</testsuite>
